<?xml version="1.0" encoding="UTF-8"?>
<!-- Generated by org.testng.reporters.JUnitXMLReporter -->
<testsuite hostname="QMC086" ignored="2" name="Test" tests="1" failures="0" timestamp="01 Mar 2019 06:50:28 GMT" time="30.342" errors="0">
  <testcase name="init" time="30.249" classname="testNGtest.FbLoginTest"/>
  <testcase name="@AfterSuite TeardownTest" time="0.0" classname="testNGtest.TestBase">
    <ignored/>
  </testcase> <!-- @AfterSuite TeardownTest -->
  <testcase name="@BeforeSuite initialize" time="0.0" classname="testNGtest.TestBase">
    <ignored/>
  </testcase> <!-- @BeforeSuite initialize -->
</testsuite> <!-- Test -->
