<?xml version="1.0" encoding="UTF-8"?>
<testng-results skipped="0" failed="0" ignored="2" total="3" passed="1">
  <reporter-output>
  </reporter-output>
  <suite name="Suite" duration-ms="30342" started-at="2019-03-01T06:49:58Z" finished-at="2019-03-01T06:50:28Z">
    <groups>
    </groups>
    <test name="Test" duration-ms="30342" started-at="2019-03-01T06:49:58Z" finished-at="2019-03-01T06:50:28Z">
      <class name="testNGtest.FbLoginTest">
        <test-method status="PASS" signature="init()[pri:0, instance:testNGtest.FbLoginTest@6d4b1c02]" name="init" duration-ms="30249" started-at="2019-03-01T06:49:58Z" finished-at="2019-03-01T06:50:28Z">
          <reporter-output>
          </reporter-output>
        </test-method> <!-- init -->
      </class> <!-- testNGtest.FbLoginTest -->
      <class name="testNGtest.TestBase">
        <test-method status="PASS" signature="initialize()[pri:0, instance:testNGtest.TestBase@7cd62f43]" name="initialize" is-config="true" duration-ms="8458" started-at="2019-03-01T06:49:49Z" finished-at="2019-03-01T06:49:58Z">
          <reporter-output>
          </reporter-output>
        </test-method> <!-- initialize -->
        <test-method status="PASS" signature="TeardownTest()[pri:0, instance:testNGtest.TestBase@7cd62f43]" name="TeardownTest" is-config="true" duration-ms="158" started-at="2019-03-01T06:50:28Z" finished-at="2019-03-01T06:50:28Z">
          <reporter-output>
          </reporter-output>
        </test-method> <!-- TeardownTest -->
      </class> <!-- testNGtest.TestBase -->
    </test> <!-- Test -->
  </suite> <!-- Suite -->
</testng-results>
